2025-10-18 02:05:29,051 - root - Successfully started monitor
2025-10-18 02:05:29,054 - urllib3.connectionpool - Starting new HTTPS connection (1): kith.com:443
2025-10-18 02:05:31,131 - urllib3.connectionpool - https://kith.com:443 "GET /collections/footwear/products.json?page=1&limit=250 HTTP/1.1" 200 None
2025-10-18 02:05:32,774 - urllib3.connectionpool - https://kith.com:443 "GET /collections/footwear/products.json?page=2&limit=250 HTTP/1.1" 200 None
2025-10-18 02:05:34,251 - urllib3.connectionpool - https://kith.com:443 "GET /collections/footwear/products.json?page=3&limit=250 HTTP/1.1" 200 None
2025-10-18 02:05:35,743 - urllib3.connectionpool - https://kith.com:443 "GET /collections/footwear/products.json?page=4&limit=250 HTTP/1.1" 200 None
2025-10-18 02:05:37,348 - urllib3.connectionpool - https://kith.com:443 "GET /collections/footwear/products.json?page=5&limit=250 HTTP/1.1" 200 None
2025-10-18 02:05:38,774 - urllib3.connectionpool - https://kith.com:443 "GET /collections/footwear/products.json?page=6&limit=250 HTTP/1.1" 200 None
2025-10-18 02:05:40,215 - urllib3.connectionpool - https://kith.com:443 "GET /collections/footwear/products.json?page=7&limit=250 HTTP/1.1" 200 None
2025-10-18 02:05:41,382 - urllib3.connectionpool - https://kith.com:443 "GET /collections/footwear/products.json?page=8&limit=250 HTTP/1.1" 200 None
2025-10-18 02:05:41,925 - urllib3.connectionpool - https://kith.com:443 "GET /collections/footwear/products.json?page=9&limit=250 HTTP/1.1" 200 None
2025-10-18 02:05:41,927 - root - Successfully scraped site
2025-10-18 02:05:52,002 - urllib3.connectionpool - Starting new HTTPS connection (1): kith.com:443
2025-10-18 02:05:52,454 - urllib3.connectionpool - https://kith.com:443 "GET /collections/footwear/products.json?page=1&limit=250 HTTP/1.1" 200 None
2025-10-18 02:05:52,960 - urllib3.connectionpool - https://kith.com:443 "GET /collections/footwear/products.json?page=2&limit=250 HTTP/1.1" 200 None
2025-10-18 02:05:53,346 - urllib3.connectionpool - https://kith.com:443 "GET /collections/footwear/products.json?page=3&limit=250 HTTP/1.1" 200 None
2025-10-18 02:05:53,909 - urllib3.connectionpool - https://kith.com:443 "GET /collections/footwear/products.json?page=4&limit=250 HTTP/1.1" 200 None
2025-10-18 02:05:54,270 - urllib3.connectionpool - https://kith.com:443 "GET /collections/footwear/products.json?page=5&limit=250 HTTP/1.1" 200 None
2025-10-18 02:05:54,826 - urllib3.connectionpool - https://kith.com:443 "GET /collections/footwear/products.json?page=6&limit=250 HTTP/1.1" 200 None
2025-10-18 02:05:55,424 - urllib3.connectionpool - https://kith.com:443 "GET /collections/footwear/products.json?page=7&limit=250 HTTP/1.1" 200 None
2025-10-18 02:05:56,001 - urllib3.connectionpool - https://kith.com:443 "GET /collections/footwear/products.json?page=8&limit=250 HTTP/1.1" 200 None
2025-10-18 02:05:56,341 - urllib3.connectionpool - https://kith.com:443 "GET /collections/footwear/products.json?page=9&limit=250 HTTP/1.1" 200 None
2025-10-18 02:05:56,343 - root - Successfully scraped site
2025-10-18 02:06:06,438 - urllib3.connectionpool - Starting new HTTPS connection (1): kith.com:443
2025-10-18 02:06:07,593 - urllib3.connectionpool - https://kith.com:443 "GET /collections/footwear/products.json?page=1&limit=250 HTTP/1.1" 200 None
2025-10-18 02:06:09,261 - urllib3.connectionpool - https://kith.com:443 "GET /collections/footwear/products.json?page=2&limit=250 HTTP/1.1" 200 None
2025-10-18 02:06:10,743 - urllib3.connectionpool - https://kith.com:443 "GET /collections/footwear/products.json?page=3&limit=250 HTTP/1.1" 200 None
2025-10-18 02:06:12,117 - urllib3.connectionpool - https://kith.com:443 "GET /collections/footwear/products.json?page=4&limit=250 HTTP/1.1" 200 None
2025-10-18 02:06:13,813 - urllib3.connectionpool - https://kith.com:443 "GET /collections/footwear/products.json?page=5&limit=250 HTTP/1.1" 200 None
2025-10-18 02:06:15,337 - urllib3.connectionpool - https://kith.com:443 "GET /collections/footwear/products.json?page=6&limit=250 HTTP/1.1" 200 None
2025-10-18 02:06:16,741 - urllib3.connectionpool - https://kith.com:443 "GET /collections/footwear/products.json?page=7&limit=250 HTTP/1.1" 200 None
2025-10-18 02:06:18,019 - urllib3.connectionpool - https://kith.com:443 "GET /collections/footwear/products.json?page=8&limit=250 HTTP/1.1" 200 None
2025-10-18 02:06:18,573 - urllib3.connectionpool - https://kith.com:443 "GET /collections/footwear/products.json?page=9&limit=250 HTTP/1.1" 200 None
2025-10-18 02:06:18,577 - root - Successfully scraped site
2025-10-18 02:06:28,681 - urllib3.connectionpool - Starting new HTTPS connection (1): kith.com:443
2025-10-18 02:06:29,007 - urllib3.connectionpool - https://kith.com:443 "GET /collections/footwear/products.json?page=1&limit=250 HTTP/1.1" 200 None
2025-10-18 02:06:29,574 - urllib3.connectionpool - https://kith.com:443 "GET /collections/footwear/products.json?page=2&limit=250 HTTP/1.1" 200 None
2025-10-18 02:06:30,134 - urllib3.connectionpool - https://kith.com:443 "GET /collections/footwear/products.json?page=3&limit=250 HTTP/1.1" 200 None
2025-10-18 02:06:31,570 - urllib3.connectionpool - https://kith.com:443 "GET /collections/footwear/products.json?page=4&limit=250 HTTP/1.1" 200 None
2025-10-18 02:06:32,464 - urllib3.connectionpool - https://kith.com:443 "GET /collections/footwear/products.json?page=5&limit=250 HTTP/1.1" 200 None
2025-10-18 02:06:34,573 - urllib3.connectionpool - https://kith.com:443 "GET /collections/footwear/products.json?page=6&limit=250 HTTP/1.1" 200 None
2025-10-18 02:06:36,144 - urllib3.connectionpool - https://kith.com:443 "GET /collections/footwear/products.json?page=7&limit=250 HTTP/1.1" 200 None
2025-10-18 02:06:37,401 - urllib3.connectionpool - https://kith.com:443 "GET /collections/footwear/products.json?page=8&limit=250 HTTP/1.1" 200 None
2025-10-18 02:06:37,970 - urllib3.connectionpool - https://kith.com:443 "GET /collections/footwear/products.json?page=9&limit=250 HTTP/1.1" 200 None
2025-10-18 02:06:37,975 - root - Successfully scraped site
2025-10-18 02:06:48,074 - urllib3.connectionpool - Starting new HTTPS connection (1): kith.com:443
2025-10-18 02:06:50,326 - urllib3.connectionpool - https://kith.com:443 "GET /collections/footwear/products.json?page=1&limit=250 HTTP/1.1" 200 None
2025-10-18 02:06:51,691 - urllib3.connectionpool - https://kith.com:443 "GET /collections/footwear/products.json?page=2&limit=250 HTTP/1.1" 200 None
2025-10-18 02:06:53,067 - urllib3.connectionpool - https://kith.com:443 "GET /collections/footwear/products.json?page=3&limit=250 HTTP/1.1" 200 None
2025-10-18 02:06:54,464 - urllib3.connectionpool - https://kith.com:443 "GET /collections/footwear/products.json?page=4&limit=250 HTTP/1.1" 200 None
2025-10-18 02:06:56,685 - urllib3.connectionpool - https://kith.com:443 "GET /collections/footwear/products.json?page=5&limit=250 HTTP/1.1" 200 None
2025-10-18 02:06:58,189 - urllib3.connectionpool - https://kith.com:443 "GET /collections/footwear/products.json?page=6&limit=250 HTTP/1.1" 200 None
2025-10-18 02:06:58,667 - urllib3.connectionpool - https://kith.com:443 "GET /collections/footwear/products.json?page=7&limit=250 HTTP/1.1" 200 None
2025-10-18 02:06:59,211 - urllib3.connectionpool - https://kith.com:443 "GET /collections/footwear/products.json?page=8&limit=250 HTTP/1.1" 200 None
2025-10-18 02:06:59,676 - urllib3.connectionpool - https://kith.com:443 "GET /collections/footwear/products.json?page=9&limit=250 HTTP/1.1" 200 None
2025-10-18 02:06:59,678 - root - Successfully scraped site
2025-10-18 02:07:09,795 - urllib3.connectionpool - Starting new HTTPS connection (1): kith.com:443
2025-10-18 02:07:10,126 - urllib3.connectionpool - https://kith.com:443 "GET /collections/footwear/products.json?page=1&limit=250 HTTP/1.1" 200 None
2025-10-18 02:07:10,685 - urllib3.connectionpool - https://kith.com:443 "GET /collections/footwear/products.json?page=2&limit=250 HTTP/1.1" 200 None
2025-10-18 02:07:11,261 - urllib3.connectionpool - https://kith.com:443 "GET /collections/footwear/products.json?page=3&limit=250 HTTP/1.1" 200 None
2025-10-18 02:07:11,800 - urllib3.connectionpool - https://kith.com:443 "GET /collections/footwear/products.json?page=4&limit=250 HTTP/1.1" 200 None
2025-10-18 02:07:13,222 - urllib3.connectionpool - https://kith.com:443 "GET /collections/footwear/products.json?page=5&limit=250 HTTP/1.1" 200 None
2025-10-18 02:07:13,778 - urllib3.connectionpool - https://kith.com:443 "GET /collections/footwear/products.json?page=6&limit=250 HTTP/1.1" 200 None
2025-10-18 02:07:14,333 - urllib3.connectionpool - https://kith.com:443 "GET /collections/footwear/products.json?page=7&limit=250 HTTP/1.1" 200 None
2025-10-18 02:07:14,889 - urllib3.connectionpool - https://kith.com:443 "GET /collections/footwear/products.json?page=8&limit=250 HTTP/1.1" 200 None
2025-10-18 02:07:15,423 - urllib3.connectionpool - https://kith.com:443 "GET /collections/footwear/products.json?page=9&limit=250 HTTP/1.1" 200 None
2025-10-18 02:07:15,425 - root - Successfully scraped site
2025-10-18 02:07:25,524 - urllib3.connectionpool - Starting new HTTPS connection (1): kith.com:443
2025-10-18 02:07:26,785 - urllib3.connectionpool - https://kith.com:443 "GET /collections/footwear/products.json?page=1&limit=250 HTTP/1.1" 200 None
2025-10-18 02:07:27,373 - urllib3.connectionpool - https://kith.com:443 "GET /collections/footwear/products.json?page=2&limit=250 HTTP/1.1" 200 None
2025-10-18 02:07:27,901 - urllib3.connectionpool - https://kith.com:443 "GET /collections/footwear/products.json?page=3&limit=250 HTTP/1.1" 200 None
2025-10-18 02:07:28,461 - urllib3.connectionpool - https://kith.com:443 "GET /collections/footwear/products.json?page=4&limit=250 HTTP/1.1" 200 None
2025-10-18 02:07:29,061 - urllib3.connectionpool - https://kith.com:443 "GET /collections/footwear/products.json?page=5&limit=250 HTTP/1.1" 200 None
2025-10-18 02:07:29,622 - urllib3.connectionpool - https://kith.com:443 "GET /collections/footwear/products.json?page=6&limit=250 HTTP/1.1" 200 None
2025-10-18 02:07:31,061 - urllib3.connectionpool - https://kith.com:443 "GET /collections/footwear/products.json?page=7&limit=250 HTTP/1.1" 200 None
2025-10-18 02:07:32,310 - urllib3.connectionpool - https://kith.com:443 "GET /collections/footwear/products.json?page=8&limit=250 HTTP/1.1" 200 None
2025-10-18 03:25:58,244 - root - Successfully started monitor
2025-10-18 03:25:58,254 - urllib3.connectionpool - Starting new HTTPS connection (1): kith.com:443
2025-10-18 03:26:00,329 - urllib3.connectionpool - https://kith.com:443 "GET /collections/footwear/products.json?page=1&limit=250 HTTP/1.1" 200 None
2025-10-18 03:26:01,913 - urllib3.connectionpool - https://kith.com:443 "GET /collections/footwear/products.json?page=2&limit=250 HTTP/1.1" 200 None
2025-10-18 03:26:03,495 - urllib3.connectionpool - https://kith.com:443 "GET /collections/footwear/products.json?page=3&limit=250 HTTP/1.1" 200 None
2025-10-18 03:26:05,011 - urllib3.connectionpool - https://kith.com:443 "GET /collections/footwear/products.json?page=4&limit=250 HTTP/1.1" 200 None
2025-10-18 03:26:06,578 - urllib3.connectionpool - https://kith.com:443 "GET /collections/footwear/products.json?page=5&limit=250 HTTP/1.1" 200 None
2025-10-18 03:26:08,113 - urllib3.connectionpool - https://kith.com:443 "GET /collections/footwear/products.json?page=6&limit=250 HTTP/1.1" 200 None
2025-10-18 03:26:09,851 - urllib3.connectionpool - https://kith.com:443 "GET /collections/footwear/products.json?page=7&limit=250 HTTP/1.1" 200 None
2025-10-18 03:26:11,217 - urllib3.connectionpool - https://kith.com:443 "GET /collections/footwear/products.json?page=8&limit=250 HTTP/1.1" 200 None
2025-10-18 03:26:11,783 - urllib3.connectionpool - https://kith.com:443 "GET /collections/footwear/products.json?page=9&limit=250 HTTP/1.1" 200 None
2025-10-18 03:26:11,785 - root - Successfully scraped site
2025-10-18 03:26:21,866 - urllib3.connectionpool - Starting new HTTPS connection (1): kith.com:443
2025-10-18 03:26:22,243 - urllib3.connectionpool - https://kith.com:443 "GET /collections/footwear/products.json?page=1&limit=250 HTTP/1.1" 200 None
2025-10-18 03:26:22,770 - urllib3.connectionpool - https://kith.com:443 "GET /collections/footwear/products.json?page=2&limit=250 HTTP/1.1" 200 None
2025-10-18 03:26:23,334 - urllib3.connectionpool - https://kith.com:443 "GET /collections/footwear/products.json?page=3&limit=250 HTTP/1.1" 200 None
2025-10-18 03:26:23,786 - urllib3.connectionpool - https://kith.com:443 "GET /collections/footwear/products.json?page=4&limit=250 HTTP/1.1" 200 None
2025-10-18 03:26:25,223 - urllib3.connectionpool - https://kith.com:443 "GET /collections/footwear/products.json?page=5&limit=250 HTTP/1.1" 200 None
2025-10-18 03:26:25,786 - urllib3.connectionpool - https://kith.com:443 "GET /collections/footwear/products.json?page=6&limit=250 HTTP/1.1" 200 None
2025-10-18 03:26:26,272 - urllib3.connectionpool - https://kith.com:443 "GET /collections/footwear/products.json?page=7&limit=250 HTTP/1.1" 200 None
2025-10-18 03:26:26,796 - urllib3.connectionpool - https://kith.com:443 "GET /collections/footwear/products.json?page=8&limit=250 HTTP/1.1" 200 None
2025-10-18 03:26:27,209 - urllib3.connectionpool - https://kith.com:443 "GET /collections/footwear/products.json?page=9&limit=250 HTTP/1.1" 200 None
2025-10-18 03:26:27,211 - root - Successfully scraped site
2025-10-18 03:26:37,305 - urllib3.connectionpool - Starting new HTTPS connection (1): kith.com:443
2025-10-18 03:26:38,700 - urllib3.connectionpool - https://kith.com:443 "GET /collections/footwear/products.json?page=1&limit=250 HTTP/1.1" 200 None
2025-10-18 03:26:40,493 - urllib3.connectionpool - https://kith.com:443 "GET /collections/footwear/products.json?page=2&limit=250 HTTP/1.1" 200 None
2025-10-18 03:26:42,208 - urllib3.connectionpool - https://kith.com:443 "GET /collections/footwear/products.json?page=3&limit=250 HTTP/1.1" 200 None
2025-10-18 03:26:43,537 - urllib3.connectionpool - https://kith.com:443 "GET /collections/footwear/products.json?page=4&limit=250 HTTP/1.1" 200 None
2025-10-18 03:26:45,015 - urllib3.connectionpool - https://kith.com:443 "GET /collections/footwear/products.json?page=5&limit=250 HTTP/1.1" 200 None
2025-10-18 03:26:46,683 - urllib3.connectionpool - https://kith.com:443 "GET /collections/footwear/products.json?page=6&limit=250 HTTP/1.1" 200 None
2025-10-18 03:26:48,413 - urllib3.connectionpool - https://kith.com:443 "GET /collections/footwear/products.json?page=7&limit=250 HTTP/1.1" 200 None
2025-10-18 03:26:49,971 - urllib3.connectionpool - https://kith.com:443 "GET /collections/footwear/products.json?page=8&limit=250 HTTP/1.1" 200 None
2025-10-18 03:26:50,515 - urllib3.connectionpool - https://kith.com:443 "GET /collections/footwear/products.json?page=9&limit=250 HTTP/1.1" 200 None
2025-10-18 03:26:50,517 - root - Successfully scraped site
2025-10-18 03:27:00,622 - urllib3.connectionpool - Starting new HTTPS connection (1): kith.com:443
2025-10-18 03:27:02,814 - urllib3.connectionpool - https://kith.com:443 "GET /collections/footwear/products.json?page=1&limit=250 HTTP/1.1" 200 None
2025-10-18 03:27:04,384 - urllib3.connectionpool - https://kith.com:443 "GET /collections/footwear/products.json?page=2&limit=250 HTTP/1.1" 200 None
2025-10-18 03:27:05,746 - urllib3.connectionpool - https://kith.com:443 "GET /collections/footwear/products.json?page=3&limit=250 HTTP/1.1" 200 None
2025-10-18 03:27:07,421 - urllib3.connectionpool - https://kith.com:443 "GET /collections/footwear/products.json?page=4&limit=250 HTTP/1.1" 200 None
2025-10-18 03:27:08,998 - urllib3.connectionpool - https://kith.com:443 "GET /collections/footwear/products.json?page=5&limit=250 HTTP/1.1" 200 None
2025-10-18 03:27:10,347 - urllib3.connectionpool - https://kith.com:443 "GET /collections/footwear/products.json?page=6&limit=250 HTTP/1.1" 200 None
2025-10-18 03:27:11,988 - urllib3.connectionpool - https://kith.com:443 "GET /collections/footwear/products.json?page=7&limit=250 HTTP/1.1" 200 None
2025-10-18 03:27:13,280 - urllib3.connectionpool - https://kith.com:443 "GET /collections/footwear/products.json?page=8&limit=250 HTTP/1.1" 200 None
2025-10-18 03:27:14,475 - urllib3.connectionpool - https://kith.com:443 "GET /collections/footwear/products.json?page=9&limit=250 HTTP/1.1" 200 None
2025-10-18 03:27:14,482 - root - Successfully scraped site
2025-10-18 03:27:24,590 - urllib3.connectionpool - Starting new HTTPS connection (1): kith.com:443
2025-10-18 03:27:24,924 - urllib3.connectionpool - https://kith.com:443 "GET /collections/footwear/products.json?page=1&limit=250 HTTP/1.1" 200 None
2025-10-18 03:27:26,479 - urllib3.connectionpool - https://kith.com:443 "GET /collections/footwear/products.json?page=2&limit=250 HTTP/1.1" 200 None
2025-10-18 03:27:27,041 - urllib3.connectionpool - https://kith.com:443 "GET /collections/footwear/products.json?page=3&limit=250 HTTP/1.1" 200 None
2025-10-18 03:27:27,457 - urllib3.connectionpool - https://kith.com:443 "GET /collections/footwear/products.json?page=4&limit=250 HTTP/1.1" 200 None
2025-10-18 03:27:28,063 - urllib3.connectionpool - https://kith.com:443 "GET /collections/footwear/products.json?page=5&limit=250 HTTP/1.1" 200 None
2025-10-18 03:27:28,536 - urllib3.connectionpool - https://kith.com:443 "GET /collections/footwear/products.json?page=6&limit=250 HTTP/1.1" 200 None
2025-10-18 03:27:29,135 - urllib3.connectionpool - https://kith.com:443 "GET /collections/footwear/products.json?page=7&limit=250 HTTP/1.1" 200 None
2025-10-18 03:27:29,744 - urllib3.connectionpool - https://kith.com:443 "GET /collections/footwear/products.json?page=8&limit=250 HTTP/1.1" 200 None
2025-10-18 03:27:30,334 - urllib3.connectionpool - https://kith.com:443 "GET /collections/footwear/products.json?page=9&limit=250 HTTP/1.1" 200 None
2025-10-18 03:27:30,337 - root - Successfully scraped site
2025-10-18 03:27:40,429 - urllib3.connectionpool - Starting new HTTPS connection (1): kith.com:443
2025-10-18 03:27:41,898 - urllib3.connectionpool - https://kith.com:443 "GET /collections/footwear/products.json?page=1&limit=250 HTTP/1.1" 200 None
2025-10-18 03:27:43,607 - urllib3.connectionpool - https://kith.com:443 "GET /collections/footwear/products.json?page=2&limit=250 HTTP/1.1" 200 None
2025-10-18 03:27:45,216 - urllib3.connectionpool - https://kith.com:443 "GET /collections/footwear/products.json?page=3&limit=250 HTTP/1.1" 200 None
2025-10-18 03:27:46,812 - urllib3.connectionpool - https://kith.com:443 "GET /collections/footwear/products.json?page=4&limit=250 HTTP/1.1" 200 None
2025-10-18 03:27:48,325 - urllib3.connectionpool - https://kith.com:443 "GET /collections/footwear/products.json?page=5&limit=250 HTTP/1.1" 200 None
2025-10-18 03:27:49,847 - urllib3.connectionpool - https://kith.com:443 "GET /collections/footwear/products.json?page=6&limit=250 HTTP/1.1" 200 None
2025-10-18 03:27:51,526 - urllib3.connectionpool - https://kith.com:443 "GET /collections/footwear/products.json?page=7&limit=250 HTTP/1.1" 200 None
2025-10-18 03:27:52,724 - urllib3.connectionpool - https://kith.com:443 "GET /collections/footwear/products.json?page=8&limit=250 HTTP/1.1" 200 None
2025-10-18 03:27:53,240 - urllib3.connectionpool - https://kith.com:443 "GET /collections/footwear/products.json?page=9&limit=250 HTTP/1.1" 200 None
2025-10-18 03:27:53,242 - root - Successfully scraped site
2025-10-18 03:28:03,344 - urllib3.connectionpool - Starting new HTTPS connection (1): kith.com:443
2025-10-18 03:28:04,645 - urllib3.connectionpool - https://kith.com:443 "GET /collections/footwear/products.json?page=1&limit=250 HTTP/1.1" 200 None
2025-10-18 03:28:06,236 - urllib3.connectionpool - https://kith.com:443 "GET /collections/footwear/products.json?page=2&limit=250 HTTP/1.1" 200 None
2025-10-18 03:28:08,023 - urllib3.connectionpool - https://kith.com:443 "GET /collections/footwear/products.json?page=3&limit=250 HTTP/1.1" 200 None
2025-10-18 03:28:09,704 - urllib3.connectionpool - https://kith.com:443 "GET /collections/footwear/products.json?page=4&limit=250 HTTP/1.1" 200 None
2025-10-18 03:28:11,445 - urllib3.connectionpool - https://kith.com:443 "GET /collections/footwear/products.json?page=5&limit=250 HTTP/1.1" 200 None
2025-10-18 03:28:13,221 - urllib3.connectionpool - https://kith.com:443 "GET /collections/footwear/products.json?page=6&limit=250 HTTP/1.1" 200 None
2025-10-18 03:28:15,125 - urllib3.connectionpool - https://kith.com:443 "GET /collections/footwear/products.json?page=7&limit=250 HTTP/1.1" 200 None
2025-10-18 03:28:16,437 - urllib3.connectionpool - https://kith.com:443 "GET /collections/footwear/products.json?page=8&limit=250 HTTP/1.1" 200 None
2025-10-18 03:28:16,984 - urllib3.connectionpool - https://kith.com:443 "GET /collections/footwear/products.json?page=9&limit=250 HTTP/1.1" 200 None
2025-10-18 03:28:16,991 - root - Successfully scraped site
2025-10-18 03:28:27,098 - urllib3.connectionpool - Starting new HTTPS connection (1): kith.com:443
2025-10-18 03:28:28,521 - urllib3.connectionpool - https://kith.com:443 "GET /collections/footwear/products.json?page=1&limit=250 HTTP/1.1" 200 None
2025-10-18 03:28:30,085 - urllib3.connectionpool - https://kith.com:443 "GET /collections/footwear/products.json?page=2&limit=250 HTTP/1.1" 200 None
2025-10-18 03:28:31,605 - urllib3.connectionpool - https://kith.com:443 "GET /collections/footwear/products.json?page=3&limit=250 HTTP/1.1" 200 None
2025-10-18 03:28:33,372 - urllib3.connectionpool - https://kith.com:443 "GET /collections/footwear/products.json?page=4&limit=250 HTTP/1.1" 200 None
2025-10-18 03:28:34,814 - urllib3.connectionpool - https://kith.com:443 "GET /collections/footwear/products.json?page=5&limit=250 HTTP/1.1" 200 None
2025-10-18 03:28:36,461 - urllib3.connectionpool - https://kith.com:443 "GET /collections/footwear/products.json?page=6&limit=250 HTTP/1.1" 200 None
2025-10-18 03:28:38,119 - urllib3.connectionpool - https://kith.com:443 "GET /collections/footwear/products.json?page=7&limit=250 HTTP/1.1" 200 None
2025-10-18 03:28:39,557 - urllib3.connectionpool - https://kith.com:443 "GET /collections/footwear/products.json?page=8&limit=250 HTTP/1.1" 200 None
2025-10-18 03:28:40,165 - urllib3.connectionpool - https://kith.com:443 "GET /collections/footwear/products.json?page=9&limit=250 HTTP/1.1" 200 None
2025-10-18 03:28:40,172 - root - Successfully scraped site
2025-10-18 03:28:50,292 - urllib3.connectionpool - Starting new HTTPS connection (1): kith.com:443
2025-10-18 03:28:51,628 - urllib3.connectionpool - https://kith.com:443 "GET /collections/footwear/products.json?page=1&limit=250 HTTP/1.1" 200 None
2025-10-18 03:28:53,317 - urllib3.connectionpool - https://kith.com:443 "GET /collections/footwear/products.json?page=2&limit=250 HTTP/1.1" 200 None
2025-10-18 03:28:54,676 - urllib3.connectionpool - https://kith.com:443 "GET /collections/footwear/products.json?page=3&limit=250 HTTP/1.1" 200 None
2025-10-18 03:28:55,256 - urllib3.connectionpool - https://kith.com:443 "GET /collections/footwear/products.json?page=4&limit=250 HTTP/1.1" 200 None
2025-10-18 03:28:56,806 - urllib3.connectionpool - https://kith.com:443 "GET /collections/footwear/products.json?page=5&limit=250 HTTP/1.1" 200 None
2025-10-18 03:28:57,340 - urllib3.connectionpool - https://kith.com:443 "GET /collections/footwear/products.json?page=6&limit=250 HTTP/1.1" 200 None
2025-10-18 03:28:58,876 - urllib3.connectionpool - https://kith.com:443 "GET /collections/footwear/products.json?page=7&limit=250 HTTP/1.1" 200 None
2025-10-18 03:29:00,124 - urllib3.connectionpool - https://kith.com:443 "GET /collections/footwear/products.json?page=8&limit=250 HTTP/1.1" 200 None
2025-10-18 03:29:00,776 - urllib3.connectionpool - https://kith.com:443 "GET /collections/footwear/products.json?page=9&limit=250 HTTP/1.1" 200 None
2025-10-18 03:29:00,779 - root - Successfully scraped site
2025-10-18 03:29:10,894 - urllib3.connectionpool - Starting new HTTPS connection (1): kith.com:443
2025-10-18 03:29:11,287 - urllib3.connectionpool - https://kith.com:443 "GET /collections/footwear/products.json?page=1&limit=250 HTTP/1.1" 200 None
2025-10-18 03:29:12,684 - urllib3.connectionpool - https://kith.com:443 "GET /collections/footwear/products.json?page=2&limit=250 HTTP/1.1" 200 None
2025-10-18 03:29:13,291 - urllib3.connectionpool - https://kith.com:443 "GET /collections/footwear/products.json?page=3&limit=250 HTTP/1.1" 200 None
2025-10-18 03:29:14,805 - urllib3.connectionpool - https://kith.com:443 "GET /collections/footwear/products.json?page=4&limit=250 HTTP/1.1" 200 None
2025-10-18 03:29:15,421 - urllib3.connectionpool - https://kith.com:443 "GET /collections/footwear/products.json?page=5&limit=250 HTTP/1.1" 200 None
2025-10-18 03:29:17,045 - urllib3.connectionpool - https://kith.com:443 "GET /collections/footwear/products.json?page=6&limit=250 HTTP/1.1" 200 None
2025-10-18 03:29:17,605 - urllib3.connectionpool - https://kith.com:443 "GET /collections/footwear/products.json?page=7&limit=250 HTTP/1.1" 200 None
2025-10-18 03:29:18,170 - urllib3.connectionpool - https://kith.com:443 "GET /collections/footwear/products.json?page=8&limit=250 HTTP/1.1" 200 None
2025-10-18 03:29:18,644 - urllib3.connectionpool - https://kith.com:443 "GET /collections/footwear/products.json?page=9&limit=250 HTTP/1.1" 200 None
2025-10-18 03:29:18,649 - root - Successfully scraped site
2025-10-18 03:29:28,756 - urllib3.connectionpool - Starting new HTTPS connection (1): kith.com:443
2025-10-18 03:29:29,078 - urllib3.connectionpool - https://kith.com:443 "GET /collections/footwear/products.json?page=1&limit=250 HTTP/1.1" 200 None
2025-10-18 03:29:29,581 - urllib3.connectionpool - https://kith.com:443 "GET /collections/footwear/products.json?page=2&limit=250 HTTP/1.1" 200 None
2025-10-18 03:29:29,989 - urllib3.connectionpool - https://kith.com:443 "GET /collections/footwear/products.json?page=3&limit=250 HTTP/1.1" 200 None
2025-10-18 03:29:30,532 - urllib3.connectionpool - https://kith.com:443 "GET /collections/footwear/products.json?page=4&limit=250 HTTP/1.1" 200 None
2025-10-18 03:29:30,906 - urllib3.connectionpool - https://kith.com:443 "GET /collections/footwear/products.json?page=5&limit=250 HTTP/1.1" 200 None
2025-10-18 03:29:31,389 - urllib3.connectionpool - https://kith.com:443 "GET /collections/footwear/products.json?page=6&limit=250 HTTP/1.1" 200 None
2025-10-18 03:29:31,970 - urllib3.connectionpool - https://kith.com:443 "GET /collections/footwear/products.json?page=7&limit=250 HTTP/1.1" 200 None
2025-10-18 03:29:32,565 - urllib3.connectionpool - https://kith.com:443 "GET /collections/footwear/products.json?page=8&limit=250 HTTP/1.1" 200 None
2025-10-18 03:29:32,948 - urllib3.connectionpool - https://kith.com:443 "GET /collections/footwear/products.json?page=9&limit=250 HTTP/1.1" 200 None
2025-10-18 03:29:32,954 - root - Successfully scraped site
2025-10-18 03:29:43,056 - urllib3.connectionpool - Starting new HTTPS connection (1): kith.com:443
2025-10-18 03:29:44,425 - urllib3.connectionpool - https://kith.com:443 "GET /collections/footwear/products.json?page=1&limit=250 HTTP/1.1" 200 None
2025-10-18 03:29:45,002 - urllib3.connectionpool - https://kith.com:443 "GET /collections/footwear/products.json?page=2&limit=250 HTTP/1.1" 200 None
2025-10-18 03:29:45,477 - urllib3.connectionpool - https://kith.com:443 "GET /collections/footwear/products.json?page=3&limit=250 HTTP/1.1" 200 None
2025-10-18 03:29:46,973 - urllib3.connectionpool - https://kith.com:443 "GET /collections/footwear/products.json?page=4&limit=250 HTTP/1.1" 200 None
2025-10-18 03:29:47,525 - urllib3.connectionpool - https://kith.com:443 "GET /collections/footwear/products.json?page=5&limit=250 HTTP/1.1" 200 None
2025-10-18 03:29:47,983 - urllib3.connectionpool - https://kith.com:443 "GET /collections/footwear/products.json?page=6&limit=250 HTTP/1.1" 200 None
2025-10-18 03:29:48,558 - urllib3.connectionpool - https://kith.com:443 "GET /collections/footwear/products.json?page=7&limit=250 HTTP/1.1" 200 None
2025-10-18 03:29:49,822 - urllib3.connectionpool - https://kith.com:443 "GET /collections/footwear/products.json?page=8&limit=250 HTTP/1.1" 200 None
2025-10-18 03:29:50,324 - urllib3.connectionpool - https://kith.com:443 "GET /collections/footwear/products.json?page=9&limit=250 HTTP/1.1" 200 None
2025-10-18 03:29:50,326 - root - Successfully scraped site
2025-10-18 03:30:00,423 - urllib3.connectionpool - Starting new HTTPS connection (1): kith.com:443
2025-10-18 03:30:00,761 - urllib3.connectionpool - https://kith.com:443 "GET /collections/footwear/products.json?page=1&limit=250 HTTP/1.1" 200 None
2025-10-18 03:30:01,326 - urllib3.connectionpool - https://kith.com:443 "GET /collections/footwear/products.json?page=2&limit=250 HTTP/1.1" 200 None
2025-10-18 03:30:01,710 - urllib3.connectionpool - https://kith.com:443 "GET /collections/footwear/products.json?page=3&limit=250 HTTP/1.1" 200 None
2025-10-18 03:30:02,093 - urllib3.connectionpool - https://kith.com:443 "GET /collections/footwear/products.json?page=4&limit=250 HTTP/1.1" 200 None
2025-10-18 03:30:02,466 - urllib3.connectionpool - https://kith.com:443 "GET /collections/footwear/products.json?page=5&limit=250 HTTP/1.1" 200 None
2025-10-18 03:30:04,006 - urllib3.connectionpool - https://kith.com:443 "GET /collections/footwear/products.json?page=6&limit=250 HTTP/1.1" 200 None
2025-10-18 03:30:04,644 - urllib3.connectionpool - https://kith.com:443 "GET /collections/footwear/products.json?page=7&limit=250 HTTP/1.1" 200 None
2025-10-18 03:30:05,199 - urllib3.connectionpool - https://kith.com:443 "GET /collections/footwear/products.json?page=8&limit=250 HTTP/1.1" 200 None
2025-10-18 03:30:05,605 - urllib3.connectionpool - https://kith.com:443 "GET /collections/footwear/products.json?page=9&limit=250 HTTP/1.1" 200 None
2025-10-18 03:30:05,610 - root - Successfully scraped site
2025-10-18 03:30:15,709 - urllib3.connectionpool - Starting new HTTPS connection (1): kith.com:443
2025-10-18 03:30:16,891 - urllib3.connectionpool - https://kith.com:443 "GET /collections/footwear/products.json?page=1&limit=250 HTTP/1.1" 200 None
2025-10-18 03:30:17,436 - urllib3.connectionpool - https://kith.com:443 "GET /collections/footwear/products.json?page=2&limit=250 HTTP/1.1" 200 None
2025-10-18 03:30:17,827 - urllib3.connectionpool - https://kith.com:443 "GET /collections/footwear/products.json?page=3&limit=250 HTTP/1.1" 200 None
2025-10-18 03:30:18,382 - urllib3.connectionpool - https://kith.com:443 "GET /collections/footwear/products.json?page=4&limit=250 HTTP/1.1" 200 None
2025-10-18 03:30:18,872 - urllib3.connectionpool - https://kith.com:443 "GET /collections/footwear/products.json?page=5&limit=250 HTTP/1.1" 200 None
2025-10-18 03:30:20,313 - urllib3.connectionpool - https://kith.com:443 "GET /collections/footwear/products.json?page=6&limit=250 HTTP/1.1" 200 None
2025-10-18 03:30:20,891 - urllib3.connectionpool - https://kith.com:443 "GET /collections/footwear/products.json?page=7&limit=250 HTTP/1.1" 200 None
2025-10-18 03:30:22,160 - urllib3.connectionpool - https://kith.com:443 "GET /collections/footwear/products.json?page=8&limit=250 HTTP/1.1" 200 None
2025-10-18 03:30:22,644 - urllib3.connectionpool - https://kith.com:443 "GET /collections/footwear/products.json?page=9&limit=250 HTTP/1.1" 200 None
2025-10-18 03:30:22,650 - root - Successfully scraped site
2025-10-18 03:30:32,744 - urllib3.connectionpool - Starting new HTTPS connection (1): kith.com:443
2025-10-18 03:30:35,295 - urllib3.connectionpool - https://kith.com:443 "GET /collections/footwear/products.json?page=1&limit=250 HTTP/1.1" 200 None
2025-10-18 03:30:37,111 - urllib3.connectionpool - https://kith.com:443 "GET /collections/footwear/products.json?page=2&limit=250 HTTP/1.1" 200 None
2025-10-18 03:30:38,925 - urllib3.connectionpool - https://kith.com:443 "GET /collections/footwear/products.json?page=3&limit=250 HTTP/1.1" 200 None
2025-10-18 03:30:40,485 - urllib3.connectionpool - https://kith.com:443 "GET /collections/footwear/products.json?page=4&limit=250 HTTP/1.1" 200 None
2025-10-18 03:30:42,194 - urllib3.connectionpool - https://kith.com:443 "GET /collections/footwear/products.json?page=5&limit=250 HTTP/1.1" 200 None
2025-10-18 03:30:43,714 - urllib3.connectionpool - https://kith.com:443 "GET /collections/footwear/products.json?page=6&limit=250 HTTP/1.1" 200 None
2025-10-18 03:30:46,073 - urllib3.connectionpool - https://kith.com:443 "GET /collections/footwear/products.json?page=7&limit=250 HTTP/1.1" 200 None
2025-10-18 03:30:47,308 - urllib3.connectionpool - https://kith.com:443 "GET /collections/footwear/products.json?page=8&limit=250 HTTP/1.1" 200 None
2025-10-18 03:30:47,686 - urllib3.connectionpool - https://kith.com:443 "GET /collections/footwear/products.json?page=9&limit=250 HTTP/1.1" 200 None
2025-10-18 03:30:47,690 - root - Successfully scraped site
2025-10-18 03:30:57,786 - urllib3.connectionpool - Starting new HTTPS connection (1): kith.com:443
2025-10-18 03:30:59,087 - urllib3.connectionpool - https://kith.com:443 "GET /collections/footwear/products.json?page=1&limit=250 HTTP/1.1" 200 None
2025-10-18 03:31:00,608 - urllib3.connectionpool - https://kith.com:443 "GET /collections/footwear/products.json?page=2&limit=250 HTTP/1.1" 200 None
2025-10-18 03:31:01,157 - urllib3.connectionpool - https://kith.com:443 "GET /collections/footwear/products.json?page=3&limit=250 HTTP/1.1" 200 None
2025-10-18 03:31:01,463 - urllib3.connectionpool - https://kith.com:443 "GET /collections/footwear/products.json?page=4&limit=250 HTTP/1.1" 200 None
2025-10-18 03:31:02,825 - urllib3.connectionpool - https://kith.com:443 "GET /collections/footwear/products.json?page=5&limit=250 HTTP/1.1" 200 None
2025-10-18 03:31:04,262 - urllib3.connectionpool - https://kith.com:443 "GET /collections/footwear/products.json?page=6&limit=250 HTTP/1.1" 200 None
2025-10-18 03:31:05,923 - urllib3.connectionpool - https://kith.com:443 "GET /collections/footwear/products.json?page=7&limit=250 HTTP/1.1" 200 None
2025-10-18 03:31:07,323 - urllib3.connectionpool - https://kith.com:443 "GET /collections/footwear/products.json?page=8&limit=250 HTTP/1.1" 200 None
2025-10-18 03:31:07,901 - urllib3.connectionpool - https://kith.com:443 "GET /collections/footwear/products.json?page=9&limit=250 HTTP/1.1" 200 None
2025-10-18 03:31:07,906 - root - Successfully scraped site
2025-10-18 03:31:18,005 - urllib3.connectionpool - Starting new HTTPS connection (1): kith.com:443
2025-10-18 03:31:20,271 - urllib3.connectionpool - https://kith.com:443 "GET /collections/footwear/products.json?page=1&limit=250 HTTP/1.1" 200 None
2025-10-18 03:31:22,141 - urllib3.connectionpool - https://kith.com:443 "GET /collections/footwear/products.json?page=2&limit=250 HTTP/1.1" 200 None
2025-10-18 03:31:23,879 - urllib3.connectionpool - https://kith.com:443 "GET /collections/footwear/products.json?page=3&limit=250 HTTP/1.1" 200 None
2025-10-18 03:31:25,640 - urllib3.connectionpool - https://kith.com:443 "GET /collections/footwear/products.json?page=4&limit=250 HTTP/1.1" 200 None
2025-10-18 03:31:27,284 - urllib3.connectionpool - https://kith.com:443 "GET /collections/footwear/products.json?page=5&limit=250 HTTP/1.1" 200 None
2025-10-18 03:31:27,810 - urllib3.connectionpool - https://kith.com:443 "GET /collections/footwear/products.json?page=6&limit=250 HTTP/1.1" 200 None
2025-10-18 03:31:29,251 - urllib3.connectionpool - https://kith.com:443 "GET /collections/footwear/products.json?page=7&limit=250 HTTP/1.1" 200 None
2025-10-18 03:31:30,584 - urllib3.connectionpool - https://kith.com:443 "GET /collections/footwear/products.json?page=8&limit=250 HTTP/1.1" 200 None
2025-10-18 03:31:31,222 - urllib3.connectionpool - https://kith.com:443 "GET /collections/footwear/products.json?page=9&limit=250 HTTP/1.1" 200 None
2025-10-18 03:31:31,229 - root - Successfully scraped site
2025-10-18 03:31:41,336 - urllib3.connectionpool - Starting new HTTPS connection (1): kith.com:443
2025-10-18 03:31:42,818 - urllib3.connectionpool - https://kith.com:443 "GET /collections/footwear/products.json?page=1&limit=250 HTTP/1.1" 200 None
2025-10-18 03:31:44,415 - urllib3.connectionpool - https://kith.com:443 "GET /collections/footwear/products.json?page=2&limit=250 HTTP/1.1" 200 None
2025-10-18 03:31:46,162 - urllib3.connectionpool - https://kith.com:443 "GET /collections/footwear/products.json?page=3&limit=250 HTTP/1.1" 200 None
2025-10-18 03:31:47,843 - urllib3.connectionpool - https://kith.com:443 "GET /collections/footwear/products.json?page=4&limit=250 HTTP/1.1" 200 None
2025-10-18 03:31:49,411 - urllib3.connectionpool - https://kith.com:443 "GET /collections/footwear/products.json?page=5&limit=250 HTTP/1.1" 200 None
2025-10-18 03:31:50,879 - urllib3.connectionpool - https://kith.com:443 "GET /collections/footwear/products.json?page=6&limit=250 HTTP/1.1" 200 None
2025-10-18 03:31:52,499 - urllib3.connectionpool - https://kith.com:443 "GET /collections/footwear/products.json?page=7&limit=250 HTTP/1.1" 200 None
2025-10-18 03:31:53,668 - urllib3.connectionpool - https://kith.com:443 "GET /collections/footwear/products.json?page=8&limit=250 HTTP/1.1" 200 None
2025-10-18 03:31:54,206 - urllib3.connectionpool - https://kith.com:443 "GET /collections/footwear/products.json?page=9&limit=250 HTTP/1.1" 200 None
2025-10-18 03:31:54,209 - root - Successfully scraped site
2025-10-18 03:32:04,310 - urllib3.connectionpool - Starting new HTTPS connection (1): kith.com:443
2025-10-18 03:32:05,653 - urllib3.connectionpool - https://kith.com:443 "GET /collections/footwear/products.json?page=1&limit=250 HTTP/1.1" 200 None
2025-10-18 03:32:07,493 - urllib3.connectionpool - https://kith.com:443 "GET /collections/footwear/products.json?page=2&limit=250 HTTP/1.1" 200 None
2025-10-18 03:32:09,204 - urllib3.connectionpool - https://kith.com:443 "GET /collections/footwear/products.json?page=3&limit=250 HTTP/1.1" 200 None
2025-10-18 03:32:10,651 - urllib3.connectionpool - https://kith.com:443 "GET /collections/footwear/products.json?page=4&limit=250 HTTP/1.1" 200 None
2025-10-18 03:32:12,404 - urllib3.connectionpool - https://kith.com:443 "GET /collections/footwear/products.json?page=5&limit=250 HTTP/1.1" 200 None
2025-10-18 03:32:14,169 - urllib3.connectionpool - https://kith.com:443 "GET /collections/footwear/products.json?page=6&limit=250 HTTP/1.1" 200 None
2025-10-18 03:32:15,673 - urllib3.connectionpool - https://kith.com:443 "GET /collections/footwear/products.json?page=7&limit=250 HTTP/1.1" 200 None
2025-10-18 03:32:16,966 - urllib3.connectionpool - https://kith.com:443 "GET /collections/footwear/products.json?page=8&limit=250 HTTP/1.1" 200 None
2025-10-18 03:32:17,505 - urllib3.connectionpool - https://kith.com:443 "GET /collections/footwear/products.json?page=9&limit=250 HTTP/1.1" 200 None
2025-10-18 03:32:17,511 - root - Successfully scraped site
2025-10-18 03:32:27,610 - urllib3.connectionpool - Starting new HTTPS connection (1): kith.com:443
2025-10-18 03:32:29,045 - urllib3.connectionpool - https://kith.com:443 "GET /collections/footwear/products.json?page=1&limit=250 HTTP/1.1" 200 None
2025-10-18 03:32:30,551 - urllib3.connectionpool - https://kith.com:443 "GET /collections/footwear/products.json?page=2&limit=250 HTTP/1.1" 200 None
2025-10-18 03:32:32,109 - urllib3.connectionpool - https://kith.com:443 "GET /collections/footwear/products.json?page=3&limit=250 HTTP/1.1" 200 None
2025-10-18 03:32:33,728 - urllib3.connectionpool - https://kith.com:443 "GET /collections/footwear/products.json?page=4&limit=250 HTTP/1.1" 200 None
2025-10-18 03:32:35,327 - urllib3.connectionpool - https://kith.com:443 "GET /collections/footwear/products.json?page=5&limit=250 HTTP/1.1" 200 None
2025-10-18 03:32:36,998 - urllib3.connectionpool - https://kith.com:443 "GET /collections/footwear/products.json?page=6&limit=250 HTTP/1.1" 200 None
2025-10-18 03:32:39,262 - urllib3.connectionpool - https://kith.com:443 "GET /collections/footwear/products.json?page=7&limit=250 HTTP/1.1" 200 None
2025-10-18 03:32:40,524 - urllib3.connectionpool - https://kith.com:443 "GET /collections/footwear/products.json?page=8&limit=250 HTTP/1.1" 200 None
2025-10-18 03:32:41,126 - urllib3.connectionpool - https://kith.com:443 "GET /collections/footwear/products.json?page=9&limit=250 HTTP/1.1" 200 None
2025-10-18 03:32:41,132 - root - Successfully scraped site
2025-10-18 03:32:51,248 - urllib3.connectionpool - Starting new HTTPS connection (1): kith.com:443
2025-10-18 03:32:52,635 - urllib3.connectionpool - https://kith.com:443 "GET /collections/footwear/products.json?page=1&limit=250 HTTP/1.1" 200 None
2025-10-18 03:32:54,255 - urllib3.connectionpool - https://kith.com:443 "GET /collections/footwear/products.json?page=2&limit=250 HTTP/1.1" 200 None
2025-10-18 03:32:55,923 - urllib3.connectionpool - https://kith.com:443 "GET /collections/footwear/products.json?page=3&limit=250 HTTP/1.1" 200 None
2025-10-18 03:32:57,478 - urllib3.connectionpool - https://kith.com:443 "GET /collections/footwear/products.json?page=4&limit=250 HTTP/1.1" 200 None
2025-10-18 03:32:59,132 - urllib3.connectionpool - https://kith.com:443 "GET /collections/footwear/products.json?page=5&limit=250 HTTP/1.1" 200 None
2025-10-18 03:32:59,842 - urllib3.connectionpool - https://kith.com:443 "GET /collections/footwear/products.json?page=6&limit=250 HTTP/1.1" 200 None
2025-10-18 03:33:00,403 - urllib3.connectionpool - https://kith.com:443 "GET /collections/footwear/products.json?page=7&limit=250 HTTP/1.1" 200 None
2025-10-18 03:33:01,635 - urllib3.connectionpool - https://kith.com:443 "GET /collections/footwear/products.json?page=8&limit=250 HTTP/1.1" 200 None
2025-10-18 03:33:02,242 - urllib3.connectionpool - https://kith.com:443 "GET /collections/footwear/products.json?page=9&limit=250 HTTP/1.1" 200 None
2025-10-18 03:33:02,245 - root - Successfully scraped site
2025-10-18 03:33:12,345 - urllib3.connectionpool - Starting new HTTPS connection (1): kith.com:443
2025-10-18 03:33:13,712 - urllib3.connectionpool - https://kith.com:443 "GET /collections/footwear/products.json?page=1&limit=250 HTTP/1.1" 200 None
2025-10-18 03:33:15,398 - urllib3.connectionpool - https://kith.com:443 "GET /collections/footwear/products.json?page=2&limit=250 HTTP/1.1" 200 None
2025-10-18 03:33:16,895 - urllib3.connectionpool - https://kith.com:443 "GET /collections/footwear/products.json?page=3&limit=250 HTTP/1.1" 200 None
2025-10-18 03:33:18,417 - urllib3.connectionpool - https://kith.com:443 "GET /collections/footwear/products.json?page=4&limit=250 HTTP/1.1" 200 None
2025-10-18 03:33:20,117 - urllib3.connectionpool - https://kith.com:443 "GET /collections/footwear/products.json?page=5&limit=250 HTTP/1.1" 200 None
2025-10-18 03:33:21,643 - urllib3.connectionpool - https://kith.com:443 "GET /collections/footwear/products.json?page=6&limit=250 HTTP/1.1" 200 None
2025-10-18 03:33:23,206 - urllib3.connectionpool - https://kith.com:443 "GET /collections/footwear/products.json?page=7&limit=250 HTTP/1.1" 200 None
2025-10-18 03:33:24,468 - urllib3.connectionpool - https://kith.com:443 "GET /collections/footwear/products.json?page=8&limit=250 HTTP/1.1" 200 None
2025-10-18 03:33:25,172 - urllib3.connectionpool - https://kith.com:443 "GET /collections/footwear/products.json?page=9&limit=250 HTTP/1.1" 200 None
2025-10-18 03:33:25,177 - root - Successfully scraped site
2025-10-18 03:33:35,276 - urllib3.connectionpool - Starting new HTTPS connection (1): kith.com:443
2025-10-18 03:33:36,628 - urllib3.connectionpool - https://kith.com:443 "GET /collections/footwear/products.json?page=1&limit=250 HTTP/1.1" 200 None
2025-10-18 03:33:38,165 - urllib3.connectionpool - https://kith.com:443 "GET /collections/footwear/products.json?page=2&limit=250 HTTP/1.1" 200 None
2025-10-18 03:33:40,073 - urllib3.connectionpool - https://kith.com:443 "GET /collections/footwear/products.json?page=3&limit=250 HTTP/1.1" 200 None
2025-10-18 03:33:42,797 - urllib3.connectionpool - https://kith.com:443 "GET /collections/footwear/products.json?page=4&limit=250 HTTP/1.1" 200 None
2025-10-18 03:33:44,432 - urllib3.connectionpool - https://kith.com:443 "GET /collections/footwear/products.json?page=5&limit=250 HTTP/1.1" 200 None
2025-10-18 03:33:46,083 - urllib3.connectionpool - https://kith.com:443 "GET /collections/footwear/products.json?page=6&limit=250 HTTP/1.1" 200 None
2025-10-18 03:33:47,633 - urllib3.connectionpool - https://kith.com:443 "GET /collections/footwear/products.json?page=7&limit=250 HTTP/1.1" 200 None
2025-10-18 03:33:48,969 - urllib3.connectionpool - https://kith.com:443 "GET /collections/footwear/products.json?page=8&limit=250 HTTP/1.1" 200 None
2025-10-18 03:33:49,521 - urllib3.connectionpool - https://kith.com:443 "GET /collections/footwear/products.json?page=9&limit=250 HTTP/1.1" 200 None
2025-10-18 03:33:49,525 - root - Successfully scraped site
2025-10-18 03:33:59,625 - urllib3.connectionpool - Starting new HTTPS connection (1): kith.com:443
2025-10-18 03:34:00,980 - urllib3.connectionpool - https://kith.com:443 "GET /collections/footwear/products.json?page=1&limit=250 HTTP/1.1" 200 None
2025-10-18 03:34:02,206 - urllib3.connectionpool - https://kith.com:443 "GET /collections/footwear/products.json?page=2&limit=250 HTTP/1.1" 200 None
2025-10-18 03:34:03,872 - urllib3.connectionpool - https://kith.com:443 "GET /collections/footwear/products.json?page=3&limit=250 HTTP/1.1" 200 None
2025-10-18 03:34:06,575 - urllib3.connectionpool - https://kith.com:443 "GET /collections/footwear/products.json?page=4&limit=250 HTTP/1.1" 200 None
2025-10-18 03:34:07,896 - urllib3.connectionpool - https://kith.com:443 "GET /collections/footwear/products.json?page=5&limit=250 HTTP/1.1" 200 None
2025-10-18 03:34:09,675 - urllib3.connectionpool - https://kith.com:443 "GET /collections/footwear/products.json?page=6&limit=250 HTTP/1.1" 200 None
2025-10-18 03:34:11,208 - urllib3.connectionpool - https://kith.com:443 "GET /collections/footwear/products.json?page=7&limit=250 HTTP/1.1" 200 None
2025-10-18 03:34:12,449 - urllib3.connectionpool - https://kith.com:443 "GET /collections/footwear/products.json?page=8&limit=250 HTTP/1.1" 200 None
2025-10-18 03:34:13,076 - urllib3.connectionpool - https://kith.com:443 "GET /collections/footwear/products.json?page=9&limit=250 HTTP/1.1" 200 None
2025-10-18 03:34:13,078 - root - Successfully scraped site
2025-10-18 03:34:23,180 - urllib3.connectionpool - Starting new HTTPS connection (1): kith.com:443
2025-10-18 03:34:24,447 - urllib3.connectionpool - https://kith.com:443 "GET /collections/footwear/products.json?page=1&limit=250 HTTP/1.1" 200 None
2025-10-18 03:34:26,052 - urllib3.connectionpool - https://kith.com:443 "GET /collections/footwear/products.json?page=2&limit=250 HTTP/1.1" 200 None
2025-10-18 03:34:28,560 - urllib3.connectionpool - https://kith.com:443 "GET /collections/footwear/products.json?page=3&limit=250 HTTP/1.1" 200 None
2025-10-18 03:34:29,174 - urllib3.connectionpool - https://kith.com:443 "GET /collections/footwear/products.json?page=4&limit=250 HTTP/1.1" 200 None
2025-10-18 03:34:30,888 - urllib3.connectionpool - https://kith.com:443 "GET /collections/footwear/products.json?page=5&limit=250 HTTP/1.1" 200 None
2025-10-18 03:34:32,376 - urllib3.connectionpool - https://kith.com:443 "GET /collections/footwear/products.json?page=6&limit=250 HTTP/1.1" 200 None
2025-10-18 03:34:32,938 - urllib3.connectionpool - https://kith.com:443 "GET /collections/footwear/products.json?page=7&limit=250 HTTP/1.1" 200 None
2025-10-18 03:34:33,511 - urllib3.connectionpool - https://kith.com:443 "GET /collections/footwear/products.json?page=8&limit=250 HTTP/1.1" 200 None
2025-10-18 03:34:33,999 - urllib3.connectionpool - https://kith.com:443 "GET /collections/footwear/products.json?page=9&limit=250 HTTP/1.1" 200 None
2025-10-18 03:34:34,002 - root - Successfully scraped site
2025-10-18 03:34:44,104 - urllib3.connectionpool - Starting new HTTPS connection (1): kith.com:443
2025-10-18 03:34:45,409 - urllib3.connectionpool - https://kith.com:443 "GET /collections/footwear/products.json?page=1&limit=250 HTTP/1.1" 200 None
2025-10-18 03:34:46,001 - urllib3.connectionpool - https://kith.com:443 "GET /collections/footwear/products.json?page=2&limit=250 HTTP/1.1" 200 None
2025-10-18 03:34:46,561 - urllib3.connectionpool - https://kith.com:443 "GET /collections/footwear/products.json?page=3&limit=250 HTTP/1.1" 200 None
2025-10-18 03:34:47,847 - urllib3.connectionpool - https://kith.com:443 "GET /collections/footwear/products.json?page=4&limit=250 HTTP/1.1" 200 None
2025-10-18 03:34:48,400 - urllib3.connectionpool - https://kith.com:443 "GET /collections/footwear/products.json?page=5&limit=250 HTTP/1.1" 200 None
2025-10-18 03:34:48,967 - urllib3.connectionpool - https://kith.com:443 "GET /collections/footwear/products.json?page=6&limit=250 HTTP/1.1" 200 None
2025-10-18 03:34:49,280 - urllib3.connectionpool - https://kith.com:443 "GET /collections/footwear/products.json?page=7&limit=250 HTTP/1.1" 200 None
2025-10-18 03:34:50,493 - urllib3.connectionpool - https://kith.com:443 "GET /collections/footwear/products.json?page=8&limit=250 HTTP/1.1" 200 None
2025-10-18 03:34:51,042 - urllib3.connectionpool - https://kith.com:443 "GET /collections/footwear/products.json?page=9&limit=250 HTTP/1.1" 200 None
2025-10-18 03:34:51,047 - root - Successfully scraped site
2025-10-18 03:35:01,147 - urllib3.connectionpool - Starting new HTTPS connection (1): kith.com:443
2025-10-18 03:35:02,531 - urllib3.connectionpool - https://kith.com:443 "GET /collections/footwear/products.json?page=1&limit=250 HTTP/1.1" 200 None
2025-10-18 03:35:04,196 - urllib3.connectionpool - https://kith.com:443 "GET /collections/footwear/products.json?page=2&limit=250 HTTP/1.1" 200 None
2025-10-18 03:35:05,740 - urllib3.connectionpool - https://kith.com:443 "GET /collections/footwear/products.json?page=3&limit=250 HTTP/1.1" 200 None
2025-10-18 03:35:07,298 - urllib3.connectionpool - https://kith.com:443 "GET /collections/footwear/products.json?page=4&limit=250 HTTP/1.1" 200 None
2025-10-18 03:35:09,664 - urllib3.connectionpool - https://kith.com:443 "GET /collections/footwear/products.json?page=5&limit=250 HTTP/1.1" 200 None
2025-10-18 03:35:11,384 - urllib3.connectionpool - https://kith.com:443 "GET /collections/footwear/products.json?page=6&limit=250 HTTP/1.1" 200 None
2025-10-18 03:35:12,909 - urllib3.connectionpool - https://kith.com:443 "GET /collections/footwear/products.json?page=7&limit=250 HTTP/1.1" 200 None
2025-10-18 03:35:14,364 - urllib3.connectionpool - https://kith.com:443 "GET /collections/footwear/products.json?page=8&limit=250 HTTP/1.1" 200 None
2025-10-18 03:35:14,946 - urllib3.connectionpool - https://kith.com:443 "GET /collections/footwear/products.json?page=9&limit=250 HTTP/1.1" 200 None
2025-10-18 03:35:14,951 - root - Successfully scraped site
2025-10-18 03:35:25,053 - urllib3.connectionpool - Starting new HTTPS connection (1): kith.com:443
2025-10-18 03:35:26,384 - urllib3.connectionpool - https://kith.com:443 "GET /collections/footwear/products.json?page=1&limit=250 HTTP/1.1" 200 None
2025-10-18 03:35:28,024 - urllib3.connectionpool - https://kith.com:443 "GET /collections/footwear/products.json?page=2&limit=250 HTTP/1.1" 200 None
2025-10-18 03:35:29,478 - urllib3.connectionpool - https://kith.com:443 "GET /collections/footwear/products.json?page=3&limit=250 HTTP/1.1" 200 None
2025-10-18 03:35:30,042 - urllib3.connectionpool - https://kith.com:443 "GET /collections/footwear/products.json?page=4&limit=250 HTTP/1.1" 200 None
2025-10-18 03:35:31,337 - urllib3.connectionpool - https://kith.com:443 "GET /collections/footwear/products.json?page=5&limit=250 HTTP/1.1" 200 None
2025-10-18 03:35:32,818 - urllib3.connectionpool - https://kith.com:443 "GET /collections/footwear/products.json?page=6&limit=250 HTTP/1.1" 200 None
2025-10-18 03:35:34,582 - urllib3.connectionpool - https://kith.com:443 "GET /collections/footwear/products.json?page=7&limit=250 HTTP/1.1" 200 None
2025-10-18 03:35:35,872 - urllib3.connectionpool - https://kith.com:443 "GET /collections/footwear/products.json?page=8&limit=250 HTTP/1.1" 200 None
2025-10-18 03:35:36,437 - urllib3.connectionpool - https://kith.com:443 "GET /collections/footwear/products.json?page=9&limit=250 HTTP/1.1" 200 None
2025-10-18 03:35:36,439 - root - Successfully scraped site
2025-10-18 03:35:46,555 - urllib3.connectionpool - Starting new HTTPS connection (1): kith.com:443
2025-10-18 03:35:47,995 - urllib3.connectionpool - https://kith.com:443 "GET /collections/footwear/products.json?page=1&limit=250 HTTP/1.1" 200 None
2025-10-18 03:35:49,546 - urllib3.connectionpool - https://kith.com:443 "GET /collections/footwear/products.json?page=2&limit=250 HTTP/1.1" 200 None
2025-10-18 03:35:51,200 - urllib3.connectionpool - https://kith.com:443 "GET /collections/footwear/products.json?page=3&limit=250 HTTP/1.1" 200 None
2025-10-18 03:35:53,017 - urllib3.connectionpool - https://kith.com:443 "GET /collections/footwear/products.json?page=4&limit=250 HTTP/1.1" 200 None
2025-10-18 03:35:54,733 - urllib3.connectionpool - https://kith.com:443 "GET /collections/footwear/products.json?page=5&limit=250 HTTP/1.1" 200 None
2025-10-18 03:35:55,283 - urllib3.connectionpool - https://kith.com:443 "GET /collections/footwear/products.json?page=6&limit=250 HTTP/1.1" 200 None
2025-10-18 03:35:56,775 - urllib3.connectionpool - https://kith.com:443 "GET /collections/footwear/products.json?page=7&limit=250 HTTP/1.1" 200 None
2025-10-18 03:35:58,083 - urllib3.connectionpool - https://kith.com:443 "GET /collections/footwear/products.json?page=8&limit=250 HTTP/1.1" 200 None
2025-10-18 03:35:58,652 - urllib3.connectionpool - https://kith.com:443 "GET /collections/footwear/products.json?page=9&limit=250 HTTP/1.1" 200 None
2025-10-18 03:35:58,658 - root - Successfully scraped site
2025-10-18 03:36:08,756 - urllib3.connectionpool - Starting new HTTPS connection (1): kith.com:443
2025-10-18 03:36:10,139 - urllib3.connectionpool - https://kith.com:443 "GET /collections/footwear/products.json?page=1&limit=250 HTTP/1.1" 200 None
2025-10-18 03:36:11,720 - urllib3.connectionpool - https://kith.com:443 "GET /collections/footwear/products.json?page=2&limit=250 HTTP/1.1" 200 None
2025-10-18 03:36:13,335 - urllib3.connectionpool - https://kith.com:443 "GET /collections/footwear/products.json?page=3&limit=250 HTTP/1.1" 200 None
2025-10-18 03:36:14,923 - urllib3.connectionpool - https://kith.com:443 "GET /collections/footwear/products.json?page=4&limit=250 HTTP/1.1" 200 None
2025-10-18 03:36:16,442 - urllib3.connectionpool - https://kith.com:443 "GET /collections/footwear/products.json?page=5&limit=250 HTTP/1.1" 200 None
2025-10-18 03:36:17,918 - urllib3.connectionpool - https://kith.com:443 "GET /collections/footwear/products.json?page=6&limit=250 HTTP/1.1" 200 None
2025-10-18 03:36:19,538 - urllib3.connectionpool - https://kith.com:443 "GET /collections/footwear/products.json?page=7&limit=250 HTTP/1.1" 200 None
2025-10-18 03:36:20,684 - urllib3.connectionpool - https://kith.com:443 "GET /collections/footwear/products.json?page=8&limit=250 HTTP/1.1" 200 None
2025-10-18 03:36:21,240 - urllib3.connectionpool - https://kith.com:443 "GET /collections/footwear/products.json?page=9&limit=250 HTTP/1.1" 200 None
2025-10-18 03:36:21,244 - root - Successfully scraped site
2025-10-18 03:36:31,361 - urllib3.connectionpool - Starting new HTTPS connection (1): kith.com:443
2025-10-18 03:36:32,776 - urllib3.connectionpool - https://kith.com:443 "GET /collections/footwear/products.json?page=1&limit=250 HTTP/1.1" 200 None
2025-10-18 03:36:34,223 - urllib3.connectionpool - https://kith.com:443 "GET /collections/footwear/products.json?page=2&limit=250 HTTP/1.1" 200 None
2025-10-18 03:36:35,839 - urllib3.connectionpool - https://kith.com:443 "GET /collections/footwear/products.json?page=3&limit=250 HTTP/1.1" 200 None
2025-10-18 03:36:37,958 - urllib3.connectionpool - https://kith.com:443 "GET /collections/footwear/products.json?page=4&limit=250 HTTP/1.1" 200 None
2025-10-18 03:36:39,473 - urllib3.connectionpool - https://kith.com:443 "GET /collections/footwear/products.json?page=5&limit=250 HTTP/1.1" 200 None
2025-10-18 03:36:40,976 - urllib3.connectionpool - https://kith.com:443 "GET /collections/footwear/products.json?page=6&limit=250 HTTP/1.1" 200 None
2025-10-18 03:36:42,605 - urllib3.connectionpool - https://kith.com:443 "GET /collections/footwear/products.json?page=7&limit=250 HTTP/1.1" 200 None
