2025-10-18 01:56:29,860 - root - Successfully started monitor
2025-10-18 01:56:29,863 - urllib3.connectionpool - Starting new HTTPS connection (1): uk.supreme.com:443
2025-10-18 01:56:30,688 - urllib3.connectionpool - https://uk.supreme.com:443 "GET /collections/all HTTP/1.1" 302 143
2025-10-18 01:56:30,691 - urllib3.connectionpool - Starting new HTTPS connection (1): jp.supreme.com:443
2025-10-18 01:56:31,541 - urllib3.connectionpool - https://jp.supreme.com:443 "GET /collections/all HTTP/1.1" 200 None
2025-10-18 01:56:31,719 - root - 'NoneType' object has no attribute 'text'
2025-10-18 01:56:41,725 - urllib3.connectionpool - Starting new HTTPS connection (1): uk.supreme.com:443
2025-10-18 01:56:42,295 - urllib3.connectionpool - https://uk.supreme.com:443 "GET /collections/all HTTP/1.1" 302 143
2025-10-18 01:56:42,296 - urllib3.connectionpool - Starting new HTTPS connection (1): jp.supreme.com:443
2025-10-18 01:56:43,027 - urllib3.connectionpool - https://jp.supreme.com:443 "GET /collections/all HTTP/1.1" 200 None
2025-10-18 01:56:43,244 - root - 'NoneType' object has no attribute 'text'
2025-10-18 01:56:53,251 - urllib3.connectionpool - Starting new HTTPS connection (1): uk.supreme.com:443
2025-10-18 01:56:53,852 - urllib3.connectionpool - https://uk.supreme.com:443 "GET /collections/all HTTP/1.1" 302 143
2025-10-18 01:56:53,853 - urllib3.connectionpool - Starting new HTTPS connection (1): jp.supreme.com:443
2025-10-18 01:56:54,615 - urllib3.connectionpool - https://jp.supreme.com:443 "GET /collections/all HTTP/1.1" 200 None
2025-10-18 01:56:54,693 - root - 'NoneType' object has no attribute 'text'
2025-10-18 01:57:04,699 - urllib3.connectionpool - Starting new HTTPS connection (1): uk.supreme.com:443
2025-10-18 01:57:05,324 - urllib3.connectionpool - https://uk.supreme.com:443 "GET /collections/all HTTP/1.1" 302 143
2025-10-18 01:57:05,326 - urllib3.connectionpool - Starting new HTTPS connection (1): jp.supreme.com:443
2025-10-18 01:57:06,101 - urllib3.connectionpool - https://jp.supreme.com:443 "GET /collections/all HTTP/1.1" 200 None
2025-10-18 01:57:06,238 - root - 'NoneType' object has no attribute 'text'
2025-10-18 01:57:16,244 - urllib3.connectionpool - Starting new HTTPS connection (1): uk.supreme.com:443
2025-10-18 01:57:17,220 - urllib3.connectionpool - https://uk.supreme.com:443 "GET /collections/all HTTP/1.1" 302 143
2025-10-18 01:57:17,222 - urllib3.connectionpool - Starting new HTTPS connection (1): jp.supreme.com:443
2025-10-18 01:57:18,023 - urllib3.connectionpool - https://jp.supreme.com:443 "GET /collections/all HTTP/1.1" 200 None
2025-10-18 01:57:18,130 - root - 'NoneType' object has no attribute 'text'
2025-10-18 01:57:28,136 - urllib3.connectionpool - Starting new HTTPS connection (1): uk.supreme.com:443
2025-10-18 01:57:28,709 - urllib3.connectionpool - https://uk.supreme.com:443 "GET /collections/all HTTP/1.1" 302 143
2025-10-18 01:57:28,710 - urllib3.connectionpool - Starting new HTTPS connection (1): jp.supreme.com:443
2025-10-18 01:57:29,531 - urllib3.connectionpool - https://jp.supreme.com:443 "GET /collections/all HTTP/1.1" 200 None
2025-10-18 01:57:29,719 - root - 'NoneType' object has no attribute 'text'
2025-10-18 01:57:39,726 - urllib3.connectionpool - Starting new HTTPS connection (1): uk.supreme.com:443
2025-10-18 01:57:40,338 - urllib3.connectionpool - https://uk.supreme.com:443 "GET /collections/all HTTP/1.1" 302 143
2025-10-18 01:57:40,339 - urllib3.connectionpool - Starting new HTTPS connection (1): jp.supreme.com:443
2025-10-18 01:57:41,147 - urllib3.connectionpool - https://jp.supreme.com:443 "GET /collections/all HTTP/1.1" 200 None
2025-10-18 01:57:41,343 - root - 'NoneType' object has no attribute 'text'
2025-10-18 01:57:51,348 - urllib3.connectionpool - Starting new HTTPS connection (1): uk.supreme.com:443
2025-10-18 01:57:51,924 - urllib3.connectionpool - https://uk.supreme.com:443 "GET /collections/all HTTP/1.1" 302 143
2025-10-18 01:57:51,926 - urllib3.connectionpool - Starting new HTTPS connection (1): jp.supreme.com:443
2025-10-18 01:57:52,720 - urllib3.connectionpool - https://jp.supreme.com:443 "GET /collections/all HTTP/1.1" 200 None
2025-10-18 01:57:52,895 - root - 'NoneType' object has no attribute 'text'
2025-10-18 01:58:02,899 - urllib3.connectionpool - Starting new HTTPS connection (1): uk.supreme.com:443
2025-10-18 01:58:03,471 - urllib3.connectionpool - https://uk.supreme.com:443 "GET /collections/all HTTP/1.1" 302 143
2025-10-18 01:58:03,472 - urllib3.connectionpool - Starting new HTTPS connection (1): jp.supreme.com:443
2025-10-18 01:58:04,217 - urllib3.connectionpool - https://jp.supreme.com:443 "GET /collections/all HTTP/1.1" 200 None
2025-10-18 01:58:04,403 - root - 'NoneType' object has no attribute 'text'
2025-10-18 01:58:14,409 - urllib3.connectionpool - Starting new HTTPS connection (1): uk.supreme.com:443
2025-10-18 01:58:14,965 - urllib3.connectionpool - https://uk.supreme.com:443 "GET /collections/all HTTP/1.1" 302 143
2025-10-18 01:58:14,967 - urllib3.connectionpool - Starting new HTTPS connection (1): jp.supreme.com:443
2025-10-18 01:58:15,726 - urllib3.connectionpool - https://jp.supreme.com:443 "GET /collections/all HTTP/1.1" 200 None
2025-10-18 01:58:15,917 - root - 'NoneType' object has no attribute 'text'
2025-10-18 01:58:25,922 - urllib3.connectionpool - Starting new HTTPS connection (1): uk.supreme.com:443
2025-10-18 01:58:26,474 - urllib3.connectionpool - https://uk.supreme.com:443 "GET /collections/all HTTP/1.1" 302 143
2025-10-18 01:58:26,476 - urllib3.connectionpool - Starting new HTTPS connection (1): jp.supreme.com:443
2025-10-18 01:58:27,302 - urllib3.connectionpool - https://jp.supreme.com:443 "GET /collections/all HTTP/1.1" 200 None
2025-10-18 01:58:27,478 - root - 'NoneType' object has no attribute 'text'
